SF:lib\main.dart
DA:8,0
DA:10,6
DA:11,2
DA:12,2
DA:14,2
DA:17,2
DA:18,2
DA:20,1
DA:30,4
DA:32,2
DA:34,2
DA:35,4
DA:36,2
DA:38,2
DA:42,2
LF:15
LH:14
end_of_record
SF:lib\logic\favorite_provider.dart
DA:8,6
DA:10,1
DA:11,3
DA:12,1
DA:15,1
DA:16,3
DA:17,1
LF:7
LH:7
end_of_record
SF:lib\models\favorites.dart
DA:4,4
LF:1
LH:1
end_of_record
SF:lib\presentation\favorites_screen.dart
DA:7,2
DA:11,1
DA:13,1
DA:14,1
DA:15,1
DA:16,2
DA:17,2
DA:19,1
DA:20,3
DA:28,1
DA:32,1
DA:34,1
DA:36,1
DA:37,1
DA:38,4
DA:40,6
DA:41,1
DA:42,3
DA:44,1
DA:45,3
DA:46,2
LF:21
LH:21
end_of_record
SF:lib\presentation\home_screen.dart
DA:11,2
DA:13,2
DA:15,2
DA:16,2
DA:18,2
DA:19,2
DA:20,3
DA:26,2
DA:30,4
DA:39,2
DA:41,2
DA:43,2
DA:45,2
DA:47,2
DA:48,2
DA:49,8
DA:51,12
DA:52,2
DA:53,6
DA:54,6
DA:57,1
DA:58,3
DA:59,2
DA:60,0
DA:61,2
DA:62,1
DA:63,4
LF:27
LH:26
end_of_record
